0 info it worked if it ends with ok
1 verbose cli [ 'C:\\Program Files\\nodejs\\node.exe',
1 verbose cli   'C:\\Program Files\\nodejs\\node_modules\\npm\\bin\\npm-cli.js',
1 verbose cli   'publish',
1 verbose cli   'officejs.dialogs' ]
2 info using npm@3.10.10
3 info using node@v6.10.3
4 verbose publish [ 'officejs.dialogs' ]
5 silly cache add args [ 'officejs.dialogs', null ]
6 verbose cache add spec officejs.dialogs
7 silly cache add parsed spec Result {
7 silly cache add   raw: 'officejs.dialogs',
7 silly cache add   scope: null,
7 silly cache add   escapedName: 'officejs.dialogs',
7 silly cache add   name: 'officejs.dialogs',
7 silly cache add   rawSpec: '',
7 silly cache add   spec: 'latest',
7 silly cache add   type: 'tag' }
8 silly addNamed officejs.dialogs@latest
9 verbose addNamed "latest" is being treated as a dist-tag for officejs.dialogs
10 info addNameTag [ 'officejs.dialogs', 'latest' ]
11 silly mapToRegistry name officejs.dialogs
12 silly mapToRegistry using default registry
13 silly mapToRegistry registry https://registry.npmjs.org/
14 silly mapToRegistry data Result {
14 silly mapToRegistry   raw: 'officejs.dialogs',
14 silly mapToRegistry   scope: null,
14 silly mapToRegistry   escapedName: 'officejs.dialogs',
14 silly mapToRegistry   name: 'officejs.dialogs',
14 silly mapToRegistry   rawSpec: '',
14 silly mapToRegistry   spec: 'latest',
14 silly mapToRegistry   type: 'tag' }
15 silly mapToRegistry uri https://registry.npmjs.org/officejs.dialogs
16 verbose addNameTag registry:https://registry.npmjs.org/officejs.dialogs not in flight; fetching
17 verbose request uri https://registry.npmjs.org/officejs.dialogs
18 verbose request no auth needed
19 info attempt registry request try #1 at 5:50:21 PM
20 verbose request using bearer token for auth
21 verbose request id 3650a1a60e3a016b
22 verbose etag W/"59497dda-87b"
23 verbose lastModified Tue, 20 Jun 2017 19:56:10 GMT
24 http request GET https://registry.npmjs.org/officejs.dialogs
25 http 304 https://registry.npmjs.org/officejs.dialogs
26 verbose headers { server: 'nginx/1.10.3',
26 verbose headers   'last-modified': 'Tue, 20 Jun 2017 19:56:10 GMT',
26 verbose headers   etag: '"59497dda-87b"',
26 verbose headers   'cache-control': 'max-age=300',
26 verbose headers   'accept-ranges': 'bytes',
26 verbose headers   date: 'Tue, 20 Jun 2017 21:50:21 GMT',
26 verbose headers   via: '1.1 varnish',
26 verbose headers   connection: 'keep-alive',
26 verbose headers   'x-served-by': 'cache-sea1044-SEA',
26 verbose headers   'x-cache': 'MISS',
26 verbose headers   'x-cache-hits': '0',
26 verbose headers   'x-timer': 'S1497995422.936054,VS0,VE8',
26 verbose headers   vary: 'Accept-Encoding' }
27 silly get cb [ 304,
27 silly get   { server: 'nginx/1.10.3',
27 silly get     'last-modified': 'Tue, 20 Jun 2017 19:56:10 GMT',
27 silly get     etag: '"59497dda-87b"',
27 silly get     'cache-control': 'max-age=300',
27 silly get     'accept-ranges': 'bytes',
27 silly get     date: 'Tue, 20 Jun 2017 21:50:21 GMT',
27 silly get     via: '1.1 varnish',
27 silly get     connection: 'keep-alive',
27 silly get     'x-served-by': 'cache-sea1044-SEA',
27 silly get     'x-cache': 'MISS',
27 silly get     'x-cache-hits': '0',
27 silly get     'x-timer': 'S1497995422.936054,VS0,VE8',
27 silly get     vary: 'Accept-Encoding' } ]
28 verbose etag https://registry.npmjs.org/officejs.dialogs from cache
29 verbose get saving officejs.dialogs to C:\Users\davidcr\AppData\Roaming\npm-cache\registry.npmjs.org\officejs.dialogs\.cache.json
30 verbose correctMkdir C:\Users\davidcr\AppData\Roaming\npm-cache correctMkdir not in flight; initializing
31 silly addNameTag next cb for officejs.dialogs with tag latest
32 silly addNamed officejs.dialogs@1.0.1
33 verbose addNamed "1.0.1" is a plain semver version for officejs.dialogs
34 silly cache afterAdd officejs.dialogs@1.0.1
35 verbose afterAdd C:\Users\davidcr\AppData\Roaming\npm-cache\officejs.dialogs\1.0.1\package\package.json not in flight; writing
36 verbose correctMkdir C:\Users\davidcr\AppData\Roaming\npm-cache correctMkdir not in flight; initializing
37 verbose afterAdd C:\Users\davidcr\AppData\Roaming\npm-cache\officejs.dialogs\1.0.1\package\package.json written
38 silly publish { name: 'officejs.dialogs',
38 silly publish   version: '1.0.1',
38 silly publish   description: 'A library that provides a simple MessageBox, InputBox and Form patterns using the Office.ui.dialog for OfficeJS solutions.',
38 silly publish   main: 'dialogs.js',
38 silly publish   scripts: { test: 'echo "Error: no test specified" && exit 1' },
38 silly publish   repository:
38 silly publish    { type: 'git',
38 silly publish      url: 'git+https://github.com/davecra/OfficeJS.dialogs.git' },
38 silly publish   keywords:
38 silly publish    [ 'officejs',
38 silly publish      'ui',
38 silly publish      'dialog',
38 silly publish      'messagebox',
38 silly publish      'javascript',
38 silly publish      'inputbox',
38 silly publish      'form' ],
38 silly publish   author: { name: 'David E. Craig' },
38 silly publish   license: 'ISC',
38 silly publish   bugs: { url: 'https://github.com/davecra/OfficeJS.dialogs/issues' },
38 silly publish   homepage: 'https://github.com/davecra/OfficeJS.dialogs#readme',
38 silly publish   gitHead: '6c93925ec8fe0e2787a08c380076e1da2ef34a73',
38 silly publish   readme: 'ERROR: No README data found!',
38 silly publish   _id: 'officejs.dialogs@1.0.1',
38 silly publish   _shasum: 'b8051662f7415155bff1cbaa19a809e654eed31f',
38 silly publish   _from: 'officejs.dialogs@latest' }
39 info lifecycle officejs.dialogs@1.0.1~prepublish: officejs.dialogs@1.0.1
40 silly lifecycle officejs.dialogs@1.0.1~prepublish: no script for prepublish, continuing
41 verbose getPublishConfig undefined
42 silly mapToRegistry name officejs.dialogs
43 silly mapToRegistry using default registry
44 silly mapToRegistry registry https://registry.npmjs.org/
45 silly mapToRegistry data Result {
45 silly mapToRegistry   raw: 'officejs.dialogs',
45 silly mapToRegistry   scope: null,
45 silly mapToRegistry   escapedName: 'officejs.dialogs',
45 silly mapToRegistry   name: 'officejs.dialogs',
45 silly mapToRegistry   rawSpec: '',
45 silly mapToRegistry   spec: 'latest',
45 silly mapToRegistry   type: 'tag' }
46 silly mapToRegistry uri https://registry.npmjs.org/officejs.dialogs
47 verbose publish registryBase https://registry.npmjs.org/
48 silly publish uploading C:\Users\davidcr\AppData\Roaming\npm-cache\officejs.dialogs\1.0.1\package.tgz
49 verbose request uri https://registry.npmjs.org/officejs.dialogs
50 verbose request sending authorization for write operation
51 info attempt registry request try #1 at 5:50:22 PM
52 verbose request using bearer token for auth
53 http request PUT https://registry.npmjs.org/officejs.dialogs
54 http 403 https://registry.npmjs.org/officejs.dialogs
55 verbose headers { 'content-type': 'application/json',
55 verbose headers   'cache-control': 'max-age=300',
55 verbose headers   'content-length': '95',
55 verbose headers   'accept-ranges': 'bytes',
55 verbose headers   date: 'Tue, 20 Jun 2017 21:50:22 GMT',
55 verbose headers   via: '1.1 varnish',
55 verbose headers   connection: 'keep-alive',
55 verbose headers   'x-served-by': 'cache-sea1044-SEA',
55 verbose headers   'x-cache': 'MISS',
55 verbose headers   'x-cache-hits': '0',
55 verbose headers   'x-timer': 'S1497995422.169089,VS0,VE103',
55 verbose headers   vary: 'Accept-Encoding' }
56 verbose request invalidating C:\Users\davidcr\AppData\Roaming\npm-cache\registry.npmjs.org\officejs.dialogs on PUT
57 error publish Failed PUT 403
58 verbose stack Error: "You cannot publish over the previously published version 1.0.1." : officejs.dialogs
58 verbose stack     at makeError (C:\Program Files\nodejs\node_modules\npm\node_modules\npm-registry-client\lib\request.js:302:12)
58 verbose stack     at CachingRegistryClient.<anonymous> (C:\Program Files\nodejs\node_modules\npm\node_modules\npm-registry-client\lib\request.js:290:14)
58 verbose stack     at Request._callback (C:\Program Files\nodejs\node_modules\npm\node_modules\npm-registry-client\lib\request.js:210:14)
58 verbose stack     at Request.self.callback (C:\Program Files\nodejs\node_modules\npm\node_modules\request\request.js:187:22)
58 verbose stack     at emitTwo (events.js:106:13)
58 verbose stack     at Request.emit (events.js:191:7)
58 verbose stack     at Request.<anonymous> (C:\Program Files\nodejs\node_modules\npm\node_modules\request\request.js:1048:10)
58 verbose stack     at emitOne (events.js:96:13)
58 verbose stack     at Request.emit (events.js:188:7)
58 verbose stack     at IncomingMessage.<anonymous> (C:\Program Files\nodejs\node_modules\npm\node_modules\request\request.js:969:12)
59 verbose statusCode 403
60 verbose pkgid officejs.dialogs
61 verbose cwd C:\GitHub\OfficeJS.dialogs
62 error Windows_NT 10.0.15063
63 error argv "C:\\Program Files\\nodejs\\node.exe" "C:\\Program Files\\nodejs\\node_modules\\npm\\bin\\npm-cli.js" "publish" "officejs.dialogs"
64 error node v6.10.3
65 error npm  v3.10.10
66 error code E403
67 error "You cannot publish over the previously published version 1.0.1." : officejs.dialogs
68 error If you need help, you may report this error at:
68 error     <https://github.com/npm/npm/issues>
69 verbose exit [ 1, true ]
